[ 2016-12-11T14:22:37+08:00 ] ::1 /hyltxt/
INFO: [ app_init ] --START--
INFO: Run Behavior\BuildLiteBehavior [ RunTime:0.000034s ]
INFO: [ app_init ] --END-- [ RunTime:0.014005s ]
INFO: [ app_begin ] --START--
INFO: Run Behavior\ReadHtmlCacheBehavior [ RunTime:0.013271s ]
INFO: [ app_begin ] --END-- [ RunTime:0.013456s ]
ERR: SQLSTATE[HY000] [1049] Base 'hyltxt' inconnue

[ 2016-12-11T14:23:35+08:00 ] ::1 /hyltxt/
INFO: [ app_init ] --START--
INFO: Run Behavior\BuildLiteBehavior [ RunTime:0.000032s ]
INFO: [ app_init ] --END-- [ RunTime:0.000727s ]
INFO: [ app_begin ] --START--
INFO: Run Behavior\ReadHtmlCacheBehavior [ RunTime:0.000782s ]
INFO: [ app_begin ] --END-- [ RunTime:0.000931s ]
ERR: SQLSTATE[42S02]: Base table or view not found: 1146 La table 'hyltxt.fs_post_media' n'existe pas

[ 2016-12-11T14:30:41+08:00 ] ::1 /hyltxt/
INFO: [ app_init ] --START--
INFO: Run Behavior\BuildLiteBehavior [ RunTime:0.000060s ]
INFO: [ app_init ] --END-- [ RunTime:0.000692s ]
INFO: [ app_begin ] --START--
INFO: Run Behavior\ReadHtmlCacheBehavior [ RunTime:0.000903s ]
INFO: [ app_begin ] --END-- [ RunTime:0.001126s ]
ERR: SQLSTATE[42S02]: Base table or view not found: 1146 La table 'hyltxt.post_media' n'existe pas

[ 2016-12-11T14:33:46+08:00 ] ::1 /hyltxt/
INFO: [ app_init ] --START--
INFO: Run Behavior\BuildLiteBehavior [ RunTime:0.000048s ]
INFO: [ app_init ] --END-- [ RunTime:0.000817s ]
INFO: [ app_begin ] --START--
INFO: Run Behavior\ReadHtmlCacheBehavior [ RunTime:0.000779s ]
INFO: [ app_begin ] --END-- [ RunTime:0.000943s ]
ERR: SQLSTATE[42S02]: Base table or view not found: 1146 La table 'hyltxt.post_media' n'existe pas

[ 2016-12-11T14:33:47+08:00 ] ::1 /hyltxt/
INFO: [ app_init ] --START--
INFO: Run Behavior\BuildLiteBehavior [ RunTime:0.000030s ]
INFO: [ app_init ] --END-- [ RunTime:0.000593s ]
INFO: [ app_begin ] --START--
INFO: Run Behavior\ReadHtmlCacheBehavior [ RunTime:0.000793s ]
INFO: [ app_begin ] --END-- [ RunTime:0.000965s ]
ERR: SQLSTATE[42S02]: Base table or view not found: 1146 La table 'hyltxt.post_media' n'existe pas

[ 2016-12-11T14:33:47+08:00 ] ::1 /hyltxt/
INFO: [ app_init ] --START--
INFO: Run Behavior\BuildLiteBehavior [ RunTime:0.000031s ]
INFO: [ app_init ] --END-- [ RunTime:0.000629s ]
INFO: [ app_begin ] --START--
INFO: Run Behavior\ReadHtmlCacheBehavior [ RunTime:0.000780s ]
INFO: [ app_begin ] --END-- [ RunTime:0.000943s ]
ERR: SQLSTATE[42S02]: Base table or view not found: 1146 La table 'hyltxt.post_media' n'existe pas

[ 2016-12-11T14:33:48+08:00 ] ::1 /hyltxt/
INFO: [ app_init ] --START--
INFO: Run Behavior\BuildLiteBehavior [ RunTime:0.000030s ]
INFO: [ app_init ] --END-- [ RunTime:0.000602s ]
INFO: [ app_begin ] --START--
INFO: Run Behavior\ReadHtmlCacheBehavior [ RunTime:0.001168s ]
INFO: [ app_begin ] --END-- [ RunTime:0.001419s ]
ERR: SQLSTATE[42S02]: Base table or view not found: 1146 La table 'hyltxt.post_media' n'existe pas

[ 2016-12-11T14:33:48+08:00 ] ::1 /hyltxt/
INFO: [ app_init ] --START--
INFO: Run Behavior\BuildLiteBehavior [ RunTime:0.000032s ]
INFO: [ app_init ] --END-- [ RunTime:0.000648s ]
INFO: [ app_begin ] --START--
INFO: Run Behavior\ReadHtmlCacheBehavior [ RunTime:0.000935s ]
INFO: [ app_begin ] --END-- [ RunTime:0.001168s ]
ERR: SQLSTATE[42S02]: Base table or view not found: 1146 La table 'hyltxt.post_media' n'existe pas

[ 2016-12-11T14:33:48+08:00 ] ::1 /hyltxt/
INFO: [ app_init ] --START--
INFO: Run Behavior\BuildLiteBehavior [ RunTime:0.000031s ]
INFO: [ app_init ] --END-- [ RunTime:0.000591s ]
INFO: [ app_begin ] --START--
INFO: Run Behavior\ReadHtmlCacheBehavior [ RunTime:0.000715s ]
INFO: [ app_begin ] --END-- [ RunTime:0.000894s ]
ERR: SQLSTATE[42S02]: Base table or view not found: 1146 La table 'hyltxt.post_media' n'existe pas

[ 2016-12-11T14:33:56+08:00 ] ::1 /hyltxt/
INFO: [ app_init ] --START--
INFO: Run Behavior\BuildLiteBehavior [ RunTime:0.000031s ]
INFO: [ app_init ] --END-- [ RunTime:0.000611s ]
INFO: [ app_begin ] --START--
INFO: Run Behavior\ReadHtmlCacheBehavior [ RunTime:0.000759s ]
INFO: [ app_begin ] --END-- [ RunTime:0.000956s ]
ERR: SQLSTATE[42S02]: Base table or view not found: 1146 La table 'hyltxt.post_media' n'existe pas

[ 2016-12-11T14:33:56+08:00 ] ::1 /hyltxt/
INFO: [ app_init ] --START--
INFO: Run Behavior\BuildLiteBehavior [ RunTime:0.000044s ]
INFO: [ app_init ] --END-- [ RunTime:0.000758s ]
INFO: [ app_begin ] --START--
INFO: Run Behavior\ReadHtmlCacheBehavior [ RunTime:0.000787s ]
INFO: [ app_begin ] --END-- [ RunTime:0.000959s ]
ERR: SQLSTATE[42S02]: Base table or view not found: 1146 La table 'hyltxt.post_media' n'existe pas

[ 2016-12-11T14:36:27+08:00 ] ::1 /hyltxt/
INFO: [ app_init ] --START--
INFO: Run Behavior\BuildLiteBehavior [ RunTime:0.000033s ]
INFO: [ app_init ] --END-- [ RunTime:0.000697s ]
INFO: [ app_begin ] --START--
INFO: Run Behavior\ReadHtmlCacheBehavior [ RunTime:0.000735s ]
INFO: [ app_begin ] --END-- [ RunTime:0.000897s ]
ERR: SQLSTATE[42S02]: Base table or view not found: 1146 La table 'hyltxt.lt_post_media' n'existe pas

[ 2016-12-11T14:36:55+08:00 ] ::1 /hyltxt/
INFO: [ app_init ] --START--
INFO: Run Behavior\BuildLiteBehavior [ RunTime:0.000034s ]
INFO: [ app_init ] --END-- [ RunTime:0.000849s ]
INFO: [ app_begin ] --START--
INFO: Run Behavior\ReadHtmlCacheBehavior [ RunTime:0.001373s ]
INFO: [ app_begin ] --END-- [ RunTime:0.001586s ]
ERR: SQLSTATE[42S02]: Base table or view not found: 1146 La table 'hyltxt.ltpost_media' n'existe pas

[ 2016-12-11T14:37:27+08:00 ] ::1 /hyltxt/
INFO: [ app_init ] --START--
INFO: Run Behavior\BuildLiteBehavior [ RunTime:0.000031s ]
INFO: [ app_init ] --END-- [ RunTime:0.000634s ]
INFO: [ app_begin ] --START--
INFO: Run Behavior\ReadHtmlCacheBehavior [ RunTime:0.000733s ]
INFO: [ app_begin ] --END-- [ RunTime:0.000898s ]
ERR: SQLSTATE[42S02]: Base table or view not found: 1146 La table 'hyltxt.post_media' n'existe pas

[ 2016-12-11T14:38:13+08:00 ] ::1 /hyltxt/
INFO: [ app_init ] --START--
INFO: Run Behavior\BuildLiteBehavior [ RunTime:0.000031s ]
INFO: [ app_init ] --END-- [ RunTime:0.000631s ]
INFO: [ app_begin ] --START--
INFO: Run Behavior\ReadHtmlCacheBehavior [ RunTime:0.000854s ]
INFO: [ app_begin ] --END-- [ RunTime:0.001052s ]
SQL: SHOW COLUMNS FROM `post_media` [ RunTime:0.0424s ]
ERR: SQLSTATE[42S02]: Base table or view not found: 1146 La table 'hyltxt.media' n'existe pas

[ 2016-12-11T14:38:40+08:00 ] ::1 /hyltxt/
INFO: [ app_init ] --START--
INFO: Run Behavior\BuildLiteBehavior [ RunTime:0.000031s ]
INFO: [ app_init ] --END-- [ RunTime:0.000656s ]
INFO: [ app_begin ] --START--
INFO: Run Behavior\ReadHtmlCacheBehavior [ RunTime:0.000761s ]
INFO: [ app_begin ] --END-- [ RunTime:0.000928s ]
SQL: SHOW COLUMNS FROM `post_media` [ RunTime:0.0170s ]
SQL: SHOW COLUMNS FROM `media` [ RunTime:0.0815s ]
NOTIC: [8] Undefined variable: postMediaPath D:\PHP\myPHP\hyltxt\Modules\Index\Controller\IndexController.class.php 第 12 行.

[ 2016-12-11T14:38:57+08:00 ] ::1 /hyltxt/
INFO: [ app_init ] --START--
INFO: Run Behavior\BuildLiteBehavior [ RunTime:0.000047s ]
INFO: [ app_init ] --END-- [ RunTime:0.000921s ]
INFO: [ app_begin ] --START--
INFO: Run Behavior\ReadHtmlCacheBehavior [ RunTime:0.000879s ]
INFO: [ app_begin ] --END-- [ RunTime:0.001073s ]
ERR: SQLSTATE[42S02]: Base table or view not found: 1146 La table 'hyltxt.post_media' n'existe pas

[ 2016-12-11T14:39:26+08:00 ] ::1 /hyltxt/
INFO: [ app_init ] --START--
INFO: Run Behavior\BuildLiteBehavior [ RunTime:0.000032s ]
INFO: [ app_init ] --END-- [ RunTime:0.000624s ]
INFO: [ app_begin ] --START--
INFO: Run Behavior\ReadHtmlCacheBehavior [ RunTime:0.000727s ]
INFO: [ app_begin ] --END-- [ RunTime:0.000886s ]
SQL: SHOW COLUMNS FROM `post_media` [ RunTime:0.0264s ]
SQL: SHOW COLUMNS FROM `media` [ RunTime:0.0194s ]
NOTIC: [8] Undefined variable: postMediaPath D:\PHP\myPHP\hyltxt\Modules\Index\Controller\IndexController.class.php 第 12 行.

[ 2016-12-11T14:40:38+08:00 ] ::1 /hyltxt/
INFO: [ app_init ] --START--
INFO: Run Behavior\BuildLiteBehavior [ RunTime:0.000032s ]
INFO: [ app_init ] --END-- [ RunTime:0.000648s ]
INFO: [ app_begin ] --START--
INFO: Run Behavior\ReadHtmlCacheBehavior [ RunTime:0.000787s ]
INFO: [ app_begin ] --END-- [ RunTime:0.000949s ]
SQL: SHOW COLUMNS FROM `post_media` [ RunTime:0.0286s ]
SQL: SHOW COLUMNS FROM `media` [ RunTime:0.0060s ]
NOTIC: [8] Undefined variable: postMediaPath D:\PHP\myPHP\hyltxt\Modules\Index\Controller\IndexController.class.php 第 12 行.

[ 2016-12-11T14:40:39+08:00 ] ::1 /hyltxt/
INFO: [ app_init ] --START--
INFO: Run Behavior\BuildLiteBehavior [ RunTime:0.000034s ]
INFO: [ app_init ] --END-- [ RunTime:0.000662s ]
INFO: [ app_begin ] --START--
INFO: Run Behavior\ReadHtmlCacheBehavior [ RunTime:0.000798s ]
INFO: [ app_begin ] --END-- [ RunTime:0.000964s ]
SQL: SHOW COLUMNS FROM `post_media` [ RunTime:0.1078s ]
SQL: SHOW COLUMNS FROM `media` [ RunTime:0.0240s ]
NOTIC: [8] Undefined variable: postMediaPath D:\PHP\myPHP\hyltxt\Modules\Index\Controller\IndexController.class.php 第 12 行.

[ 2016-12-11T14:40:39+08:00 ] ::1 /hyltxt/
INFO: [ app_init ] --START--
INFO: Run Behavior\BuildLiteBehavior [ RunTime:0.000072s ]
INFO: [ app_init ] --END-- [ RunTime:0.000807s ]
INFO: [ app_begin ] --START--
INFO: Run Behavior\ReadHtmlCacheBehavior [ RunTime:0.000810s ]
INFO: [ app_begin ] --END-- [ RunTime:0.000976s ]
SQL: SHOW COLUMNS FROM `post_media` [ RunTime:0.0065s ]
SQL: SHOW COLUMNS FROM `media` [ RunTime:0.0051s ]
NOTIC: [8] Undefined variable: postMediaPath D:\PHP\myPHP\hyltxt\Modules\Index\Controller\IndexController.class.php 第 12 行.

[ 2016-12-11T14:40:39+08:00 ] ::1 /hyltxt/
INFO: [ app_init ] --START--
INFO: Run Behavior\BuildLiteBehavior [ RunTime:0.000099s ]
INFO: [ app_init ] --END-- [ RunTime:0.001383s ]
INFO: [ app_begin ] --START--
INFO: Run Behavior\ReadHtmlCacheBehavior [ RunTime:0.000757s ]
INFO: [ app_begin ] --END-- [ RunTime:0.000918s ]
SQL: SHOW COLUMNS FROM `post_media` [ RunTime:0.0178s ]
SQL: SHOW COLUMNS FROM `media` [ RunTime:0.0147s ]
NOTIC: [8] Undefined variable: postMediaPath D:\PHP\myPHP\hyltxt\Modules\Index\Controller\IndexController.class.php 第 12 行.

[ 2016-12-11T14:40:40+08:00 ] ::1 /hyltxt/
INFO: [ app_init ] --START--
INFO: Run Behavior\BuildLiteBehavior [ RunTime:0.000032s ]
INFO: [ app_init ] --END-- [ RunTime:0.000621s ]
INFO: [ app_begin ] --START--
INFO: Run Behavior\ReadHtmlCacheBehavior [ RunTime:0.000730s ]
INFO: [ app_begin ] --END-- [ RunTime:0.000901s ]
SQL: SHOW COLUMNS FROM `post_media` [ RunTime:0.0157s ]
SQL: SHOW COLUMNS FROM `media` [ RunTime:0.0051s ]
NOTIC: [8] Undefined variable: postMediaPath D:\PHP\myPHP\hyltxt\Modules\Index\Controller\IndexController.class.php 第 12 行.

[ 2016-12-11T14:40:40+08:00 ] ::1 /hyltxt/
INFO: [ app_init ] --START--
INFO: Run Behavior\BuildLiteBehavior [ RunTime:0.000036s ]
INFO: [ app_init ] --END-- [ RunTime:0.000972s ]
INFO: [ app_begin ] --START--
INFO: Run Behavior\ReadHtmlCacheBehavior [ RunTime:0.000931s ]
INFO: [ app_begin ] --END-- [ RunTime:0.001106s ]
SQL: SHOW COLUMNS FROM `post_media` [ RunTime:0.0194s ]
SQL: SHOW COLUMNS FROM `media` [ RunTime:0.0049s ]
NOTIC: [8] Undefined variable: postMediaPath D:\PHP\myPHP\hyltxt\Modules\Index\Controller\IndexController.class.php 第 12 行.

[ 2016-12-11T14:40:41+08:00 ] ::1 /hyltxt/
INFO: [ app_init ] --START--
INFO: Run Behavior\BuildLiteBehavior [ RunTime:0.000058s ]
INFO: [ app_init ] --END-- [ RunTime:0.000867s ]
INFO: [ app_begin ] --START--
INFO: Run Behavior\ReadHtmlCacheBehavior [ RunTime:0.001111s ]
INFO: [ app_begin ] --END-- [ RunTime:0.001317s ]
SQL: SHOW COLUMNS FROM `post_media` [ RunTime:0.5395s ]
SQL: SHOW COLUMNS FROM `media` [ RunTime:0.0736s ]
NOTIC: [8] Undefined variable: postMediaPath D:\PHP\myPHP\hyltxt\Modules\Index\Controller\IndexController.class.php 第 12 行.

[ 2016-12-11T14:40:43+08:00 ] ::1 /hyltxt/
INFO: [ app_init ] --START--
INFO: Run Behavior\BuildLiteBehavior [ RunTime:0.000031s ]
INFO: [ app_init ] --END-- [ RunTime:0.000639s ]
INFO: [ app_begin ] --START--
INFO: Run Behavior\ReadHtmlCacheBehavior [ RunTime:0.001086s ]
INFO: [ app_begin ] --END-- [ RunTime:0.001340s ]
SQL: SHOW COLUMNS FROM `post_media` [ RunTime:0.0502s ]
SQL: SHOW COLUMNS FROM `media` [ RunTime:0.0121s ]
NOTIC: [8] Undefined variable: postMediaPath D:\PHP\myPHP\hyltxt\Modules\Index\Controller\IndexController.class.php 第 12 行.

[ 2016-12-11T14:40:51+08:00 ] ::1 /hyltxt/
INFO: [ app_init ] --START--
INFO: Run Behavior\BuildLiteBehavior [ RunTime:0.000045s ]
INFO: [ app_init ] --END-- [ RunTime:0.000807s ]
INFO: [ app_begin ] --START--
INFO: Run Behavior\ReadHtmlCacheBehavior [ RunTime:0.000779s ]
INFO: [ app_begin ] --END-- [ RunTime:0.000939s ]
SQL: SHOW COLUMNS FROM `post_media` [ RunTime:0.3471s ]
SQL: SHOW COLUMNS FROM `media` [ RunTime:0.0348s ]
NOTIC: [8] Undefined variable: postMediaPath D:\PHP\myPHP\hyltxt\Modules\Index\Controller\IndexController.class.php 第 12 行.

[ 2016-12-11T14:40:51+08:00 ] ::1 /hyltxt/
INFO: [ app_init ] --START--
INFO: Run Behavior\BuildLiteBehavior [ RunTime:0.000060s ]
INFO: [ app_init ] --END-- [ RunTime:0.000742s ]
INFO: [ app_begin ] --START--
INFO: Run Behavior\ReadHtmlCacheBehavior [ RunTime:0.000892s ]
INFO: [ app_begin ] --END-- [ RunTime:0.001056s ]
SQL: SHOW COLUMNS FROM `post_media` [ RunTime:0.0222s ]
SQL: SHOW COLUMNS FROM `media` [ RunTime:0.0177s ]
NOTIC: [8] Undefined variable: postMediaPath D:\PHP\myPHP\hyltxt\Modules\Index\Controller\IndexController.class.php 第 12 行.

[ 2016-12-11T14:42:30+08:00 ] ::1 /hyltxt/
INFO: [ app_init ] --START--
INFO: Run Behavior\BuildLiteBehavior [ RunTime:0.000032s ]
INFO: [ app_init ] --END-- [ RunTime:0.000611s ]
INFO: [ app_begin ] --START--
INFO: Run Behavior\ReadHtmlCacheBehavior [ RunTime:0.001279s ]
INFO: [ app_begin ] --END-- [ RunTime:0.001532s ]
SQL: SHOW COLUMNS FROM `post_media` [ RunTime:0.3070s ]
SQL: SHOW COLUMNS FROM `media` [ RunTime:0.2768s ]
SQL: SELECT * FROM `media`  [ RunTime:0.0004s ]
INFO: [ view_parse ] --START--
INFO: [ template_filter ] --START--
INFO: Run Behavior\ContentReplaceBehavior [ RunTime:0.000136s ]
INFO: [ template_filter ] --END-- [ RunTime:0.000295s ]
INFO: Run Behavior\ParseTemplateBehavior [ RunTime:0.140461s ]
INFO: [ view_parse ] --END-- [ RunTime:0.140911s ]
INFO: [ view_filter ] --START--
INFO: Run Behavior\WriteHtmlCacheBehavior [ RunTime:0.030898s ]
INFO: [ view_filter ] --END-- [ RunTime:0.031501s ]
INFO: [ app_end ] --START--
INFO: Run Behavior\ShowPageTraceBehavior [ RunTime:0.016495s ]
INFO: [ app_end ] --END-- [ RunTime:0.016651s ]

[ 2016-12-11T14:47:45+08:00 ] ::1 /hyltxt/index.php/index/main.html
INFO: [ app_init ] --START--
INFO: Run Behavior\BuildLiteBehavior [ RunTime:0.000052s ]
INFO: [ app_init ] --END-- [ RunTime:0.000740s ]
INFO: [ app_begin ] --START--
INFO: Run Behavior\ReadHtmlCacheBehavior [ RunTime:0.000866s ]
INFO: [ app_begin ] --END-- [ RunTime:0.001010s ]
SQL: SHOW COLUMNS FROM `post_media` [ RunTime:0.0055s ]
SQL: SHOW COLUMNS FROM `media` [ RunTime:0.0152s ]
SQL: SELECT * FROM `media`  [ RunTime:0.0003s ]
INFO: [ view_parse ] --START--
INFO: [ template_filter ] --START--
INFO: Run Behavior\ContentReplaceBehavior [ RunTime:0.000216s ]
INFO: [ template_filter ] --END-- [ RunTime:0.000361s ]
INFO: Run Behavior\ParseTemplateBehavior [ RunTime:0.175459s ]
INFO: [ view_parse ] --END-- [ RunTime:0.175664s ]
INFO: [ view_filter ] --START--
INFO: Run Behavior\WriteHtmlCacheBehavior [ RunTime:0.000977s ]
INFO: [ view_filter ] --END-- [ RunTime:0.001130s ]
INFO: [ app_end ] --START--
INFO: Run Behavior\ShowPageTraceBehavior [ RunTime:0.000972s ]
INFO: [ app_end ] --END-- [ RunTime:0.001155s ]

[ 2016-12-11T14:47:47+08:00 ] ::1 /hyltxt/index.php/index/main.html
INFO: [ app_init ] --START--
INFO: Run Behavior\BuildLiteBehavior [ RunTime:0.000037s ]
INFO: [ app_init ] --END-- [ RunTime:0.000872s ]
INFO: [ app_begin ] --START--
INFO: Run Behavior\ReadHtmlCacheBehavior [ RunTime:0.001541s ]
INFO: [ app_begin ] --END-- [ RunTime:0.001912s ]
SQL: SHOW COLUMNS FROM `post_media` [ RunTime:0.0041s ]
SQL: SHOW COLUMNS FROM `media` [ RunTime:0.0057s ]
SQL: SELECT * FROM `media`  [ RunTime:0.0005s ]
INFO: [ view_parse ] --START--
INFO: [ template_filter ] --START--
INFO: Run Behavior\ContentReplaceBehavior [ RunTime:0.000584s ]
INFO: [ template_filter ] --END-- [ RunTime:0.001128s ]
INFO: Run Behavior\ParseTemplateBehavior [ RunTime:0.024258s ]
INFO: [ view_parse ] --END-- [ RunTime:0.024579s ]
INFO: [ view_filter ] --START--
INFO: Run Behavior\WriteHtmlCacheBehavior [ RunTime:0.000618s ]
INFO: [ view_filter ] --END-- [ RunTime:0.000763s ]
INFO: [ app_end ] --START--
INFO: Run Behavior\ShowPageTraceBehavior [ RunTime:0.001092s ]
INFO: [ app_end ] --END-- [ RunTime:0.001336s ]

[ 2016-12-11T20:27:36+08:00 ] ::1 /hyltxt/index.php/index/main.html
INFO: [ app_init ] --START--
INFO: Run Behavior\BuildLiteBehavior [ RunTime:0.000033s ]
INFO: [ app_init ] --END-- [ RunTime:0.013892s ]
INFO: [ app_begin ] --START--
INFO: Run Behavior\ReadHtmlCacheBehavior [ RunTime:0.010193s ]
INFO: [ app_begin ] --END-- [ RunTime:0.010460s ]
SQL: SHOW COLUMNS FROM `post_media` [ RunTime:0.0170s ]
SQL: SHOW COLUMNS FROM `media` [ RunTime:0.0043s ]
SQL: SELECT * FROM `media`  [ RunTime:0.0004s ]
INFO: [ view_parse ] --START--
INFO: [ template_filter ] --START--
INFO: Run Behavior\ContentReplaceBehavior [ RunTime:0.000236s ]
INFO: [ template_filter ] --END-- [ RunTime:0.000414s ]
INFO: Run Behavior\ParseTemplateBehavior [ RunTime:0.730020s ]
INFO: [ view_parse ] --END-- [ RunTime:0.730273s ]
INFO: [ view_filter ] --START--
INFO: Run Behavior\WriteHtmlCacheBehavior [ RunTime:0.105442s ]
INFO: [ view_filter ] --END-- [ RunTime:0.105677s ]
INFO: [ app_end ] --START--
INFO: Run Behavior\ShowPageTraceBehavior [ RunTime:0.071964s ]
INFO: [ app_end ] --END-- [ RunTime:0.072120s ]

[ 2016-12-11T20:27:37+08:00 ] ::1 /hyltxt/index.php/index/list.html
INFO: [ app_init ] --START--
INFO: Run Behavior\BuildLiteBehavior [ RunTime:0.000033s ]
INFO: [ app_init ] --END-- [ RunTime:0.000771s ]
INFO: [ app_begin ] --START--
INFO: Run Behavior\ReadHtmlCacheBehavior [ RunTime:0.000903s ]
INFO: [ app_begin ] --END-- [ RunTime:0.001060s ]
SQL: SHOW COLUMNS FROM `post_media` [ RunTime:0.0043s ]
SQL: SHOW COLUMNS FROM `media` [ RunTime:0.0046s ]
SQL: SELECT * FROM `media`  [ RunTime:0.0003s ]
INFO: [ view_parse ] --START--
INFO: [ template_filter ] --START--
INFO: Run Behavior\ContentReplaceBehavior [ RunTime:0.000134s ]
INFO: [ template_filter ] --END-- [ RunTime:0.000260s ]
INFO: Run Behavior\ParseTemplateBehavior [ RunTime:0.414445s ]
INFO: [ view_parse ] --END-- [ RunTime:0.414635s ]
INFO: [ view_filter ] --START--
INFO: Run Behavior\WriteHtmlCacheBehavior [ RunTime:0.000581s ]
INFO: [ view_filter ] --END-- [ RunTime:0.000689s ]
INFO: [ app_end ] --START--
INFO: Run Behavior\ShowPageTraceBehavior [ RunTime:0.000719s ]
INFO: [ app_end ] --END-- [ RunTime:0.000830s ]

[ 2016-12-11T20:27:43+08:00 ] ::1 /hyltxt/index.php/index
INFO: [ app_init ] --START--
INFO: Run Behavior\BuildLiteBehavior [ RunTime:0.000030s ]
INFO: [ app_init ] --END-- [ RunTime:0.000651s ]
INFO: [ app_begin ] --START--
INFO: Run Behavior\ReadHtmlCacheBehavior [ RunTime:0.000762s ]
INFO: [ app_begin ] --END-- [ RunTime:0.000924s ]
SQL: SHOW COLUMNS FROM `post_media` [ RunTime:0.3091s ]
SQL: SHOW COLUMNS FROM `media` [ RunTime:0.3997s ]
SQL: SELECT * FROM `media`  [ RunTime:0.0003s ]
INFO: [ view_parse ] --START--
INFO: [ template_filter ] --START--
INFO: Run Behavior\ContentReplaceBehavior [ RunTime:0.000124s ]
INFO: [ template_filter ] --END-- [ RunTime:0.000280s ]
INFO: Run Behavior\ParseTemplateBehavior [ RunTime:0.175069s ]
INFO: [ view_parse ] --END-- [ RunTime:0.175278s ]
INFO: [ view_filter ] --START--
INFO: Run Behavior\WriteHtmlCacheBehavior [ RunTime:0.000711s ]
INFO: [ view_filter ] --END-- [ RunTime:0.000864s ]
INFO: [ app_end ] --START--
INFO: Run Behavior\ShowPageTraceBehavior [ RunTime:0.000836s ]
INFO: [ app_end ] --END-- [ RunTime:0.000988s ]

[ 2016-12-11T20:27:44+08:00 ] ::1 /hyltxt/index.php/index/main.html
INFO: [ app_init ] --START--
INFO: Run Behavior\BuildLiteBehavior [ RunTime:0.000033s ]
INFO: [ app_init ] --END-- [ RunTime:0.000641s ]
INFO: [ app_begin ] --START--
INFO: Run Behavior\ReadHtmlCacheBehavior [ RunTime:0.000819s ]
INFO: [ app_begin ] --END-- [ RunTime:0.000985s ]
SQL: SHOW COLUMNS FROM `post_media` [ RunTime:0.0044s ]
SQL: SHOW COLUMNS FROM `media` [ RunTime:0.0046s ]
SQL: SELECT * FROM `media`  [ RunTime:0.0003s ]
INFO: [ view_parse ] --START--
INFO: [ template_filter ] --START--
INFO: Run Behavior\ContentReplaceBehavior [ RunTime:0.000279s ]
INFO: [ template_filter ] --END-- [ RunTime:0.000421s ]
INFO: Run Behavior\ParseTemplateBehavior [ RunTime:0.015059s ]
INFO: [ view_parse ] --END-- [ RunTime:0.015183s ]
INFO: [ view_filter ] --START--
INFO: Run Behavior\WriteHtmlCacheBehavior [ RunTime:0.000725s ]
INFO: [ view_filter ] --END-- [ RunTime:0.000831s ]
INFO: [ app_end ] --START--
INFO: Run Behavior\ShowPageTraceBehavior [ RunTime:0.000948s ]
INFO: [ app_end ] --END-- [ RunTime:0.001077s ]

[ 2016-12-11T20:27:52+08:00 ] ::1 /hyltxt/index.php/index/main.html
INFO: [ app_init ] --START--
INFO: Run Behavior\BuildLiteBehavior [ RunTime:0.000062s ]
INFO: [ app_init ] --END-- [ RunTime:0.001298s ]
INFO: [ app_begin ] --START--
INFO: Run Behavior\ReadHtmlCacheBehavior [ RunTime:0.001345s ]
INFO: [ app_begin ] --END-- [ RunTime:0.001698s ]
SQL: SHOW COLUMNS FROM `post_media` [ RunTime:0.1951s ]
SQL: SHOW COLUMNS FROM `media` [ RunTime:0.0044s ]
SQL: SELECT * FROM `media`  [ RunTime:0.0003s ]
INFO: [ view_parse ] --START--
INFO: [ template_filter ] --START--
INFO: Run Behavior\ContentReplaceBehavior [ RunTime:0.000234s ]
INFO: [ template_filter ] --END-- [ RunTime:0.000399s ]
INFO: Run Behavior\ParseTemplateBehavior [ RunTime:0.014400s ]
INFO: [ view_parse ] --END-- [ RunTime:0.014548s ]
INFO: [ view_filter ] --START--
INFO: Run Behavior\WriteHtmlCacheBehavior [ RunTime:0.000659s ]
INFO: [ view_filter ] --END-- [ RunTime:0.000803s ]
INFO: [ app_end ] --START--
INFO: Run Behavior\ShowPageTraceBehavior [ RunTime:0.000984s ]
INFO: [ app_end ] --END-- [ RunTime:0.001216s ]

[ 2016-12-11T20:50:58+08:00 ] ::1 /hyltxt/
INFO: [ app_init ] --START--
INFO: Run Behavior\BuildLiteBehavior [ RunTime:0.000032s ]
INFO: [ app_init ] --END-- [ RunTime:0.000778s ]
INFO: [ app_begin ] --START--
INFO: Run Behavior\ReadHtmlCacheBehavior [ RunTime:0.000969s ]
INFO: [ app_begin ] --END-- [ RunTime:0.001155s ]
SQL: SHOW COLUMNS FROM `post_media` [ RunTime:0.0055s ]
SQL: SHOW COLUMNS FROM `media` [ RunTime:0.0043s ]
SQL: SELECT * FROM `media`  [ RunTime:0.0004s ]
INFO: [ view_parse ] --START--
INFO: [ template_filter ] --START--
INFO: Run Behavior\ContentReplaceBehavior [ RunTime:0.000157s ]
INFO: [ template_filter ] --END-- [ RunTime:0.000442s ]
INFO: Run Behavior\ParseTemplateBehavior [ RunTime:0.010025s ]
INFO: [ view_parse ] --END-- [ RunTime:0.010177s ]
INFO: [ view_filter ] --START--
INFO: Run Behavior\WriteHtmlCacheBehavior [ RunTime:0.000750s ]
INFO: [ view_filter ] --END-- [ RunTime:0.000887s ]
INFO: [ app_end ] --START--
INFO: Run Behavior\ShowPageTraceBehavior [ RunTime:0.000913s ]
INFO: [ app_end ] --END-- [ RunTime:0.001051s ]

[ 2016-12-11T22:36:20+08:00 ] ::1 /hyltxt/index.php/index/main.html
INFO: [ app_init ] --START--
INFO: Run Behavior\BuildLiteBehavior [ RunTime:0.000059s ]
INFO: [ app_init ] --END-- [ RunTime:0.001148s ]
INFO: [ app_begin ] --START--
INFO: Run Behavior\ReadHtmlCacheBehavior [ RunTime:0.000967s ]
INFO: [ app_begin ] --END-- [ RunTime:0.001179s ]
SQL: SHOW COLUMNS FROM `post_media` [ RunTime:0.0211s ]
SQL: SHOW COLUMNS FROM `media` [ RunTime:0.0043s ]
SQL: SELECT * FROM `media`  [ RunTime:0.0003s ]
INFO: [ view_parse ] --START--
INFO: [ template_filter ] --START--
INFO: Run Behavior\ContentReplaceBehavior [ RunTime:0.000248s ]
INFO: [ template_filter ] --END-- [ RunTime:0.000404s ]
INFO: Run Behavior\ParseTemplateBehavior [ RunTime:0.020182s ]
INFO: [ view_parse ] --END-- [ RunTime:0.020451s ]
INFO: [ view_filter ] --START--
INFO: Run Behavior\WriteHtmlCacheBehavior [ RunTime:0.001146s ]
INFO: [ view_filter ] --END-- [ RunTime:0.001363s ]
INFO: [ app_end ] --START--
INFO: Run Behavior\ShowPageTraceBehavior [ RunTime:0.000909s ]
INFO: [ app_end ] --END-- [ RunTime:0.001144s ]

